#
# An unexpected error has been detected by Java Runtime Environment:
#
#  SIGSEGV (0xb) at pc=0x00007fbf75494374, pid=6607, tid=140460276905728
#
# Java VM: Java HotSpot(TM) 64-Bit Server VM (11.0-b15 mixed mode linux-amd64)
# Problematic frame:
# C  [libJLinkNativeLibrary.so+0xca374]
#
# If you would like to submit a bug report, please visit:
#   http://java.sun.com/webapps/bugreport/crash.jsp
#

---------------  T H R E A D  ---------------

Current thread is native thread

siginfo:si_signo=SIGSEGV: si_errno=0, si_code=1 (SEGV_MAPERR), si_addr=0x0000000000000000

Registers:
RAX=0x00007fbf75612738, RBX=0x00007fbf75612738, RCX=0x00007fbf956f780c, RDX=0x0000000000000001
RSP=0x00007fbf74e8ee60, RBP=0x0000000000000000, RSI=0x00007fbf74e8ee70, RDI=0x0000000000000000
R8 =0x00007fbf900ca290, R9 =0x00000000000019e1, R10=0x0000000000000000, R11=0x0000000000000202
R12=0x00007fbf900cb130, R13=0x0000000000000000, R14=0x0000000000000000, R15=0x0000000000000000
RIP=0x00007fbf75494374, EFL=0x0000000000010297, CSGSFS=0x0000000000000033, ERR=0x0000000000000004
  TRAPNO=0x000000000000000e

Top of Stack: (sp=0x00007fbf74e8ee60)
0x00007fbf74e8ee60:   00007fbf75612738 0000000000000000
0x00007fbf74e8ee70:   0000000000000001 0000000000000000
0x00007fbf74e8ee80:   0000000000000000 0000000000000000
0x00007fbf74e8ee90:   00007fbf95b29060 00007fbf956fa720
0x00007fbf74e8eea0:   0000000000001000 00007fbf956f0f6e
0x00007fbf74e8eeb0:   0000000000000000 00007fbf74e8f700
0x00007fbf74e8eec0:   00007fbf74e8f700 32914e3b304029c8
0x00007fbf74e8eed0:   0000000000000000 00007fbf95b29060
0x00007fbf74e8eee0:   00007fbf956fa720 0000000000001000
0x00007fbf74e8eef0:   cdefa7eaed2029c8 cdee64e52e2e29c8
0x00007fbf74e8ef00:   0000000000000000 0000000000000000
0x00007fbf74e8ef10:   0000000000000000 0000000000000000
0x00007fbf74e8ef20:   0000000000000000 0000000000000000
0x00007fbf74e8ef30:   0000000000000000 0000000000000000
0x00007fbf74e8ef40:   0000000000000000 0000000000000000
0x00007fbf74e8ef50:   0000000000000000 0000000000000000
0x00007fbf74e8ef60:   0000000000000000 0000000000000000
0x00007fbf74e8ef70:   0000000000000000 0000000000000000
0x00007fbf74e8ef80:   0000000000000000 0000000000000000
0x00007fbf74e8ef90:   0000000000000000 0000000000000000
0x00007fbf74e8efa0:   0000000000000000 0000000000000000
0x00007fbf74e8efb0:   00007fbf74e8f700 00007fbf952179cd
0x00007fbf74e8efc0:   0000000000000000 0000000000000000
0x00007fbf74e8efd0:   0000000000000000 0000000000000000
0x00007fbf74e8efe0:   0000000000000000 0000000000000000
0x00007fbf74e8eff0:   0000000000000000 0000000000000000
0x00007fbf74e8f000:   0000000000000000 0000000000000000
0x00007fbf74e8f010:   0000000000000000 0000000000000000
0x00007fbf74e8f020:   0000000000000000 0000000000000000
0x00007fbf74e8f030:   0000000000000000 0000000000000000
0x00007fbf74e8f040:   0000000000000000 0000000000000000
0x00007fbf74e8f050:   0000000000000000 0000000000000000 

Instructions: (pc=0x00007fbf75494374)
0x00007fbf75494364:   7d 7b 48 89 1c 24 66 66 90 66 66 90 48 8b 04 24
0x00007fbf75494374:   4b 8b 34 f7 b9 08 00 00 00 ba 14 00 00 00 48 8b 

Stack: [0x00007fbf7468f000,0x00007fbf74e90000],  sp=0x00007fbf74e8ee60,  free space=8191k
Native frames: (J=compiled Java code, j=interpreted, Vv=VM code, C=native code)
C  [libJLinkNativeLibrary.so+0xca374]

[error occurred during error reporting (printing native stack), id 0xb]


---------------  P R O C E S S  ---------------

VM state:not at safepoint (normal execution)

VM Mutex/Monitor currently owned by a thread: None

Heap
 PSYoungGen      total 24640K, used 17202K [0x00007fbf86f20000, 0x00007fbf88fa0000, 0x00007fbf8c470000)
  eden space 20992K, 74% used [0x00007fbf86f20000,0x00007fbf87e62dd8,0x00007fbf883a0000)
  from space 3648K, 43% used [0x00007fbf883a0000,0x00007fbf88529c60,0x00007fbf88730000)
  to   space 3456K, 0% used [0x00007fbf88c40000,0x00007fbf88c40000,0x00007fbf88fa0000)
 PSOldGen        total 29760K, used 21736K [0x00007fbf7c470000, 0x00007fbf7e180000, 0x00007fbf86f20000)
  object space 29760K, 73% used [0x00007fbf7c470000,0x00007fbf7d9aa018,0x00007fbf7e180000)
 PSPermGen       total 21248K, used 9721K [0x00007fbf77070000, 0x00007fbf78530000, 0x00007fbf7c470000)
  object space 21248K, 45% used [0x00007fbf77070000,0x00007fbf779ee5b0,0x00007fbf78530000)

Dynamic libraries:
40000000-40009000 r-xp 00000000 08:06 695801                             /opt/Mathematica/7.0/SystemFiles/Java/Linux-x86-64/bin/java
40108000-4010a000 rwxp 00008000 08:06 695801                             /opt/Mathematica/7.0/SystemFiles/Java/Linux-x86-64/bin/java
415f3000-41614000 rwxp 00000000 00:00 0                                  [heap]
7fbf08000000-7fbf080a3000 rwxp 00000000 00:00 0 
7fbf080a3000-7fbf0c000000 ---p 00000000 00:00 0 
7fbf10000000-7fbf10021000 rwxp 00000000 00:00 0 
7fbf10021000-7fbf14000000 ---p 00000000 00:00 0 
7fbf14000000-7fbf14021000 rwxp 00000000 00:00 0 
7fbf14021000-7fbf18000000 ---p 00000000 00:00 0 
7fbf18000000-7fbf18033000 rwxp 00000000 00:00 0 
7fbf18033000-7fbf1c000000 ---p 00000000 00:00 0 
7fbf1c000000-7fbf1c022000 rwxp 00000000 00:00 0 
7fbf1c022000-7fbf20000000 ---p 00000000 00:00 0 
7fbf20000000-7fbf20021000 rwxp 00000000 00:00 0 
7fbf20021000-7fbf24000000 ---p 00000000 00:00 0 
7fbf24000000-7fbf2409d000 rwxp 00000000 00:00 0 
7fbf2409d000-7fbf28000000 ---p 00000000 00:00 0 
7fbf28000000-7fbf28021000 rwxp 00000000 00:00 0 
7fbf28021000-7fbf2c000000 ---p 00000000 00:00 0 
7fbf2ccdd000-7fbf2cce3000 r-xp 00000000 08:01 302994                     /lib/x86_64-linux-gnu/libnss_dns-2.17.so
7fbf2cce3000-7fbf2cee2000 ---p 00006000 08:01 302994                     /lib/x86_64-linux-gnu/libnss_dns-2.17.so
7fbf2cee2000-7fbf2cee3000 r-xp 00005000 08:01 302994                     /lib/x86_64-linux-gnu/libnss_dns-2.17.so
7fbf2cee3000-7fbf2cee4000 rwxp 00006000 08:01 302994                     /lib/x86_64-linux-gnu/libnss_dns-2.17.so
7fbf2cee4000-7fbf2cee6000 r-xp 00000000 08:01 301958                     /lib/libnss_mdns4_minimal.so.2
7fbf2cee6000-7fbf2d0e5000 ---p 00002000 08:01 301958                     /lib/libnss_mdns4_minimal.so.2
7fbf2d0e5000-7fbf2d0e6000 r-xp 00001000 08:01 301958                     /lib/libnss_mdns4_minimal.so.2
7fbf2d0e6000-7fbf2d0e7000 rwxp 00002000 08:01 301958                     /lib/libnss_mdns4_minimal.so.2
7fbf2d0ff000-7fbf2d106000 r-xs 00110000 08:06 695843                     /opt/Mathematica/7.0/SystemFiles/Java/Linux-x86-64/lib/resources.jar
7fbf2d106000-7fbf2d107000 r-xs 00005000 08:06 638009                     /opt/Mathematica/7.0/AddOns/Applications/DocumentationSearch/Java/lucene-highlighter-2.1.0.jar
7fbf2d107000-7fbf2d108000 r-xs 00014000 08:06 638010                     /opt/Mathematica/7.0/AddOns/Applications/DocumentationSearch/Java/lucene-snowball-2.1.0.jar
7fbf2d108000-7fbf2d10c000 r-xs 00038000 08:06 638005                     /opt/Mathematica/7.0/AddOns/Applications/DocumentationSearch/Java/commons-lang-2.3.jar
7fbf2d10c000-7fbf2d10e000 r-xs 0000e000 08:06 638007                     /opt/Mathematica/7.0/AddOns/Applications/DocumentationSearch/Java/lucene-analyzers-2.1.0.jar
7fbf2d10e000-7fbf2d111000 rwxp 00000000 00:00 0 
7fbf2d111000-7fbf2d20f000 rwxp 00000000 00:00 0 
7fbf2d20f000-7fbf2d218000 r-xs 00069000 08:06 638008                     /opt/Mathematica/7.0/AddOns/Applications/DocumentationSearch/Java/lucene-core-2.1.0.jar
7fbf2d218000-7fbf2d219000 r-xs 00002000 08:06 638011                     /opt/Mathematica/7.0/AddOns/Applications/DocumentationSearch/Java/lucene-spellchecker-2.1.0.jar
7fbf2d219000-7fbf2d21a000 r-xs 00005000 08:06 638006                     /opt/Mathematica/7.0/AddOns/Applications/DocumentationSearch/Java/function.jar
7fbf2d21a000-7fbf2d21c000 r-xs 0000a000 08:06 745217                     /opt/Mathematica/7.0/SystemFiles/Links/XMLSchema/Java/commons-codec-1.3.jar
7fbf2d21c000-7fbf2d21e000 r-xs 00008000 08:06 745212                     /opt/Mathematica/7.0/SystemFiles/Links/WebServices/Java/commons-logging-1.0.4.jar
7fbf2d21e000-7fbf2d221000 r-xs 0001b000 08:06 745213                     /opt/Mathematica/7.0/SystemFiles/Links/WebServices/Java/junit-3.8.1.jar
7fbf2d221000-7fbf2d226000 r-xs 00040000 08:06 745211                     /opt/Mathematica/7.0/SystemFiles/Links/WebServices/Java/commons-httpclient-3.0.jar
7fbf2d226000-7fbf2d22c000 r-xs 00027000 08:06 539620                     /opt/Mathematica/7.0/SystemFiles/Links/DatabaseLink/Java/glazedlists.jar
7fbf2d22c000-7fbf2d234000 r-xs 00096000 08:06 539621                     /opt/Mathematica/7.0/SystemFiles/Links/DatabaseLink/Java/hsqldb-1.8.0.7.jar
7fbf2d234000-7fbf2d237000 ---p 00000000 00:00 0 
7fbf2d237000-7fbf2d335000 rwxp 00000000 00:00 0                          [stack:6632]
7fbf2d335000-7fbf2d338000 rwxp 00000000 00:00 0 
7fbf2d338000-7fbf2d436000 rwxp 00000000 00:00 0 
7fbf2d436000-7fbf2d439000 ---p 00000000 00:00 0 
7fbf2d439000-7fbf2d537000 rwxp 00000000 00:00 0                          [stack:6636]
7fbf2d537000-7fbf2d53a000 ---p 00000000 00:00 0 
7fbf2d53a000-7fbf2d638000 rwxp 00000000 00:00 0                          [stack:6634]
7fbf2d638000-7fbf2d63b000 rwxp 00000000 00:00 0 
7fbf2d63b000-7fbf2d739000 rwxp 00000000 00:00 0 
7fbf2d739000-7fbf2d740000 r-xp 00000000 08:06 695875                     /opt/Mathematica/7.0/SystemFiles/Java/Linux-x86-64/lib/amd64/libnio.so
7fbf2d740000-7fbf2d83f000 ---p 00007000 08:06 695875                     /opt/Mathematica/7.0/SystemFiles/Java/Linux-x86-64/lib/amd64/libnio.so
7fbf2d83f000-7fbf2d841000 rwxp 00006000 08:06 695875                     /opt/Mathematica/7.0/SystemFiles/Java/Linux-x86-64/lib/amd64/libnio.so
7fbf2d841000-7fbf2d857000 r-xp 00000000 08:01 303041                     /lib/x86_64-linux-gnu/libresolv-2.17.so
7fbf2d857000-7fbf2da57000 ---p 00016000 08:01 303041                     /lib/x86_64-linux-gnu/libresolv-2.17.so
7fbf2da57000-7fbf2da58000 r-xp 00016000 08:01 303041                     /lib/x86_64-linux-gnu/libresolv-2.17.so
7fbf2da58000-7fbf2da59000 rwxp 00017000 08:01 303041                     /lib/x86_64-linux-gnu/libresolv-2.17.so
7fbf2da59000-7fbf2da5b000 rwxp 00000000 00:00 0 
7fbf2da5b000-7fbf2da7a000 r-xp 00000000 08:01 303045                     /lib/x86_64-linux-gnu/libselinux.so.1
7fbf2da7a000-7fbf2dc7a000 ---p 0001f000 08:01 303045                     /lib/x86_64-linux-gnu/libselinux.so.1
7fbf2dc7a000-7fbf2dc7b000 r-xp 0001f000 08:01 303045                     /lib/x86_64-linux-gnu/libselinux.so.1
7fbf2dc7b000-7fbf2dc7c000 rwxp 00020000 08:01 303045                     /lib/x86_64-linux-gnu/libselinux.so.1
7fbf2dc7c000-7fbf2dc7d000 rwxp 00000000 00:00 0 
7fbf2dc7d000-7fbf2dc95000 r-xp 00000000 08:01 303078                     /lib/x86_64-linux-gnu/libz.so.1.2.8
7fbf2dc95000-7fbf2de94000 ---p 00018000 08:01 303078                     /lib/x86_64-linux-gnu/libz.so.1.2.8
7fbf2de94000-7fbf2de95000 r-xp 00017000 08:01 303078                     /lib/x86_64-linux-gnu/libz.so.1.2.8
7fbf2de95000-7fbf2de96000 rwxp 00018000 08:01 303078                     /lib/x86_64-linux-gnu/libz.so.1.2.8
7fbf2de96000-7fbf2ded3000 r-xp 00000000 08:01 303018                     /lib/x86_64-linux-gnu/libpcre.so.3.13.1
7fbf2ded3000-7fbf2e0d3000 ---p 0003d000 08:01 303018                     /lib/x86_64-linux-gnu/libpcre.so.3.13.1
7fbf2e0d3000-7fbf2e0d4000 r-xp 0003d000 08:01 303018                     /lib/x86_64-linux-gnu/libpcre.so.3.13.1
7fbf2e0d4000-7fbf2e0d5000 rwxp 0003e000 08:01 303018                     /lib/x86_64-linux-gnu/libpcre.so.3.13.1
7fbf2e0d5000-7fbf2e0dc000 r-xp 00000000 08:01 475715                     /usr/lib/x86_64-linux-gnu/libffi.so.6.0.1
7fbf2e0dc000-7fbf2e2db000 ---p 00007000 08:01 475715                     /usr/lib/x86_64-linux-gnu/libffi.so.6.0.1
7fbf2e2db000-7fbf2e2dc000 r-xp 00006000 08:01 475715                     /usr/lib/x86_64-linux-gnu/libffi.so.6.0.1
7fbf2e2dc000-7fbf2e2dd000 rwxp 00007000 08:01 475715                     /usr/lib/x86_64-linux-gnu/libffi.so.6.0.1
7fbf2e2dd000-7fbf2e439000 r-xp 00000000 08:01 293799                     /usr/lib/x86_64-linux-gnu/libgio-2.0.so.0.3800.1
7fbf2e439000-7fbf2e638000 ---p 0015c000 08:01 293799                     /usr/lib/x86_64-linux-gnu/libgio-2.0.so.0.3800.1
7fbf2e638000-7fbf2e63c000 r-xp 0015b000 08:01 293799                     /usr/lib/x86_64-linux-gnu/libgio-2.0.so.0.3800.1
7fbf2e63c000-7fbf2e63e000 rwxp 0015f000 08:01 293799                     /usr/lib/x86_64-linux-gnu/libgio-2.0.so.0.3800.1
7fbf2e63e000-7fbf2e640000 rwxp 00000000 00:00 0 
7fbf2e640000-7fbf2e73e000 r-xp 00000000 08:01 302865                     /lib/x86_64-linux-gnu/libglib-2.0.so.0.3800.1
7fbf2e73e000-7fbf2e93e000 ---p 000fe000 08:01 302865                     /lib/x86_64-linux-gnu/libglib-2.0.so.0.3800.1
7fbf2e93e000-7fbf2e93f000 r-xp 000fe000 08:01 302865                     /lib/x86_64-linux-gnu/libglib-2.0.so.0.3800.1
7fbf2e93f000-7fbf2e940000 rwxp 000ff000 08:01 302865                     /lib/x86_64-linux-gnu/libglib-2.0.so.0.3800.1
7fbf2e940000-7fbf2e941000 rwxp 00000000 00:00 0 
7fbf2e941000-7fbf2e990000 r-xp 00000000 08:01 293800                     /usr/lib/x86_64-linux-gnu/libgobject-2.0.so.0.3800.1
7fbf2e990000-7fbf2eb90000 ---p 0004f000 08:01 293800                     /usr/lib/x86_64-linux-gnu/libgobject-2.0.so.0.3800.1
7fbf2eb90000-7fbf2eb91000 r-xp 0004f000 08:01 293800                     /usr/lib/x86_64-linux-gnu/libgobject-2.0.so.0.3800.1
7fbf2eb91000-7fbf2eb92000 rwxp 00050000 08:01 293800                     /usr/lib/x86_64-linux-gnu/libgobject-2.0.so.0.3800.1
7fbf2eb92000-7fbf2ebd6000 r-xp 00000000 08:01 302855                     /lib/x86_64-linux-gnu/libdbus-1.so.3.7.4
7fbf2ebd6000-7fbf2edd5000 ---p 00044000 08:01 302855                     /lib/x86_64-linux-gnu/libdbus-1.so.3.7.4
7fbf2edd5000-7fbf2edd6000 r-xp 00043000 08:01 302855                     /lib/x86_64-linux-gnu/libdbus-1.so.3.7.4
7fbf2edd6000-7fbf2edd7000 rwxp 00044000 08:01 302855                     /lib/x86_64-linux-gnu/libdbus-1.so.3.7.4
7fbf2edd7000-7fbf2edfc000 r-xp 00000000 08:01 475659                     /usr/lib/x86_64-linux-gnu/libdbus-glib-1.so.2.2.2
7fbf2edfc000-7fbf2effc000 ---p 00025000 08:01 475659                     /usr/lib/x86_64-linux-gnu/libdbus-glib-1.so.2.2.2
7fbf2effc000-7fbf2effd000 r-xp 00025000 08:01 475659                     /usr/lib/x86_64-linux-gnu/libdbus-glib-1.so.2.2.2
7fbf2effd000-7fbf2effe000 rwxp 00026000 08:01 475659                     /usr/lib/x86_64-linux-gnu/libdbus-glib-1.so.2.2.2
7fbf2effe000-7fbf2efff000 ---p 00000000 00:00 0 
7fbf2efff000-7fbf2f7ff000 rwxp 00000000 00:00 0                          [stack:6627]
7fbf2f7ff000-7fbf2f800000 ---p 00000000 00:00 0 
7fbf2f800000-7fbf30000000 rwxp 00000000 00:00 0                          [stack:6626]
7fbf30000000-7fbf30021000 rwxp 00000000 00:00 0 
7fbf30021000-7fbf34000000 ---p 00000000 00:00 0 
7fbf34000000-7fbf34021000 rwxp 00000000 00:00 0 
7fbf34021000-7fbf38000000 ---p 00000000 00:00 0 
7fbf38000000-7fbf39f59000 rwxp 00000000 00:00 0 
7fbf39f59000-7fbf3c000000 ---p 00000000 00:00 0 
7fbf3c000000-7fbf3c021000 rwxp 00000000 00:00 0 
7fbf3c021000-7fbf40000000 ---p 00000000 00:00 0 
7fbf40000000-7fbf40021000 rwxp 00000000 00:00 0 
7fbf40021000-7fbf44000000 ---p 00000000 00:00 0 
7fbf44000000-7fbf45df3000 rwxp 00000000 00:00 0 
7fbf45df3000-7fbf48000000 ---p 00000000 00:00 0 
7fbf48000000-7fbf48021000 rwxp 00000000 00:00 0 
7fbf48021000-7fbf4c000000 ---p 00000000 00:00 0 
7fbf4c000000-7fbf4c021000 rwxp 00000000 00:00 0 
7fbf4c021000-7fbf50000000 ---p 00000000 00:00 0 
7fbf50000000-7fbf50021000 rwxp 00000000 00:00 0 
7fbf50021000-7fbf54000000 ---p 00000000 00:00 0 
7fbf54000000-7fbf5403f000 rwxp 00000000 00:00 0 
7fbf5403f000-7fbf58000000 ---p 00000000 00:00 0 
7fbf58000000-7fbf58021000 rwxp 00000000 00:00 0 
7fbf58021000-7fbf5c000000 ---p 00000000 00:00 0 
7fbf5c000000-7fbf5c021000 rwxp 00000000 00:00 0 
7fbf5c021000-7fbf60000000 ---p 00000000 00:00 0 
7fbf60000000-7fbf60021000 rwxp 00000000 00:00 0 
7fbf60021000-7fbf64000000 ---p 00000000 00:00 0 
7fbf64000000-7fbf64021000 rwxp 00000000 00:00 0 
7fbf64021000-7fbf68000000 ---p 00000000 00:00 0 
7fbf68000000-7fbf68021000 rwxp 00000000 00:00 0 
7fbf68021000-7fbf6c000000 ---p 00000000 00:00 0 
7fbf6c000000-7fbf6c021000 rwxp 00000000 00:00 0 
7fbf6c021000-7fbf70000000 ---p 00000000 00:00 0 
7fbf70000000-7fbf70021000 rwxp 00000000 00:00 0 
7fbf70021000-7fbf74000000 ---p 00000000 00:00 0 
7fbf74000000-7fbf74001000 r-xs 00000000 08:06 637987                     /opt/Mathematica/7.0/AddOns/Applications/ClusterIntegration/Java/Wolfram_SGE.jar
7fbf74001000-7fbf74004000 r-xs 00043000 08:06 539622                     /opt/Mathematica/7.0/SystemFiles/Links/DatabaseLink/Java/jtds-1.2.jar
7fbf74004000-7fbf74011000 r-xs 0007c000 08:06 539617                     /opt/Mathematica/7.0/SystemFiles/Links/DatabaseLink/Java/commons-collections-3.1.jar
7fbf74011000-7fbf74018000 r-xs 000a7000 08:06 539623                     /opt/Mathematica/7.0/SystemFiles/Links/DatabaseLink/Java/mysql-connector-java-commercial-5.1.7-bin.jar
7fbf74018000-7fbf7401a000 r-xs 00009000 08:06 539619                     /opt/Mathematica/7.0/SystemFiles/Links/DatabaseLink/Java/commons-pool-1.2.jar
7fbf7401a000-7fbf7401d000 r-xs 00018000 08:06 539618                     /opt/Mathematica/7.0/SystemFiles/Links/DatabaseLink/Java/commons-dbcp-1.2.1.jar
7fbf7401d000-7fbf74025000 r-xs 00040000 08:06 638825                     /opt/Mathematica/7.0/AddOns/Packages/GUIKit/Java/diva-canvas-core.jar
7fbf74025000-7fbf74029000 r-xs 00026000 08:06 638822                     /opt/Mathematica/7.0/AddOns/Packages/GUIKit/Java/bsf.jar
7fbf74029000-7fbf7402a000 r-xs 00009000 08:06 638820                     /opt/Mathematica/7.0/AddOns/Packages/GUIKit/Java/OculusLayout.jar
7fbf7402a000-7fbf7402c000 r-xs 0000d000 08:06 638821                     /opt/Mathematica/7.0/AddOns/Packages/GUIKit/Java/bsf-Wolfram.jar
7fbf7402c000-7fbf74033000 r-xs 0003d000 08:06 638819                     /opt/Mathematica/7.0/AddOns/Packages/GUIKit/Java/GUIKit.jar
7fbf74033000-7fbf7403a000 r-xs 00036000 08:06 638823                     /opt/Mathematica/7.0/AddOns/Packages/GUIKit/Java/concurrent.jar
7fbf7403a000-7fbf7404c000 r-xs 000ba000 08:06 638826                     /opt/Mathematica/7.0/AddOns/Packages/GUIKit/Java/xercesImpl.jar
7fbf7404c000-7fbf74051000 r-xs 00010000 08:06 638827                     /opt/Mathematica/7.0/AddOns/Packages/GUIKit/Java/xmlParserAPIs.jar
7fbf74051000-7fbf74052000 r-xs 00011000 08:06 40892                      /opt/Mathematica/7.0/SystemFiles/Converters/Java/customizer.jar
7fbf74052000-7fbf74053000 r-xs 00003000 08:06 40911                      /opt/Mathematica/7.0/SystemFiles/Converters/Java/slf4j-jdk14.jar
7fbf74053000-7fbf74055000 r-xs 00014000 08:06 40882                      /opt/Mathematica/7.0/SystemFiles/Converters/Java/Exif.jar
7fbf74055000-7fbf74057000 r-xs 00013000 08:06 40896                      /opt/Mathematica/7.0/SystemFiles/Converters/Java/jackcess-1.1.6.jar
7fbf74057000-7fbf74062000 r-xs 000a5000 08:06 40901                      /opt/Mathematica/7.0/SystemFiles/Converters/Java/jxl.jar
7fbf74062000-7fbf74066000 r-xs 0002f000 08:06 40890                      /opt/Mathematica/7.0/SystemFiles/Converters/Java/commons-lang-2.1.jar
7fbf74066000-7fbf74067000 r-xs 00006000 08:06 40886                      /opt/Mathematica/7.0/SystemFiles/Converters/Java/bzip2.jar
7fbf74067000-7fbf74069000 r-xs 0000b000 08:06 40912                      /opt/Mathematica/7.0/SystemFiles/Converters/Java/tagsoup-1.0rc9.jar
7fbf74069000-7fbf7406a000 r-xs 00002000 08:06 40881                      /opt/Mathematica/7.0/SystemFiles/Converters/Java/Convert.jar
7fbf7406a000-7fbf7406b000 r-xs 00004000 08:06 40893                      /opt/Mathematica/7.0/SystemFiles/Converters/Java/externalservice.jar
7fbf7406b000-7fbf7406d000 r-xs 0000c000 08:06 40884                      /opt/Mathematica/7.0/SystemFiles/Converters/Java/activation.jar
7fbf7406d000-7fbf7406f000 r-xs 00005000 08:06 40913                      /opt/Mathematica/7.0/SystemFiles/Converters/Java/tar.jar
7fbf7406f000-7fbf74071000 r-xs 00008000 08:06 40891                      /opt/Mathematica/7.0/SystemFiles/Converters/Java/commons-logging-1.0.4.jar
7fbf74071000-7fbf74073000 r-xs 00008000 08:06 40904                      /opt/Mathematica/7.0/SystemFiles/Converters/Java/mediaplayer.jar
7fbf74073000-7fbf74098000 r-xs 002ba000 08:06 40906                      /opt/Mathematica/7.0/SystemFiles/Converters/Java/netcdfUI-2.2.16.jar
7fbf74098000-7fbf7409f000 r-xs 00083000 08:06 40883                      /opt/Mathematica/7.0/SystemFiles/Converters/Java/JPEG2000.jar
7fbf7409f000-7fbf740ac000 r-xs 0007f000 08:06 40888                      /opt/Mathematica/7.0/SystemFiles/Converters/Java/commons-collections-3.2.jar
7fbf740ac000-7fbf740b4000 r-xs 00028000 08:06 40916                      /opt/Mathematica/7.0/SystemFiles/Converters/Java/xml-apis.jar
7fbf740b4000-7fbf740ca000 r-xs 00110000 08:06 40915                      /opt/Mathematica/7.0/SystemFiles/Converters/Java/xercesImpl.jar
7fbf740ca000-7fbf740d0000 r-xs 00055000 08:06 40903                      /opt/Mathematica/7.0/SystemFiles/Converters/Java/mail.jar
7fbf740d0000-7fbf740f5000 r-xs 003ca000 08:06 40914                      /opt/Mathematica/7.0/SystemFiles/Converters/Java/visadNoDods.jar
7fbf740f5000-7fbf740f8000 r-xp 00000000 08:01 293802                     /usr/lib/x86_64-linux-gnu/libgmodule-2.0.so.0.3800.1
7fbf740f8000-7fbf742f7000 ---p 00003000 08:01 293802                     /usr/lib/x86_64-linux-gnu/libgmodule-2.0.so.0.3800.1
7fbf742f7000-7fbf742f8000 r-xp 00002000 08:01 293802                     /usr/lib/x86_64-linux-gnu/libgmodule-2.0.so.0.3800.1
7fbf742f8000-7fbf742f9000 rwxp 00003000 08:01 293802                     /usr/lib/x86_64-linux-gnu/libgmodule-2.0.so.0.3800.1
7fbf742f9000-7fbf74326000 r-xp 00000000 08:01 475778                     /usr/lib/x86_64-linux-gnu/libgconf-2.so.4.1.5
7fbf74326000-7fbf74525000 ---p 0002d000 08:01 475778                     /usr/lib/x86_64-linux-gnu/libgconf-2.so.4.1.5
7fbf74525000-7fbf74526000 r-xp 0002c000 08:01 475778                     /usr/lib/x86_64-linux-gnu/libgconf-2.so.4.1.5
7fbf74526000-7fbf74527000 rwxp 0002d000 08:01 475778                     /usr/lib/x86_64-linux-gnu/libgconf-2.so.4.1.5
7fbf74527000-7fbf74529000 r-xs 0000a000 08:06 40887                      /opt/Mathematica/7.0/SystemFiles/Converters/Java/commons-codec-1.3.jar
7fbf74529000-7fbf7452c000 r-xs 00023000 08:06 40898                      /opt/Mathematica/7.0/SystemFiles/Converters/Java/jdom.jar
7fbf7452c000-7fbf7452f000 r-xs 00074000 08:06 40885                      /opt/Mathematica/7.0/SystemFiles/Converters/Java/bufr.jar
7fbf7452f000-7fbf74547000 r-xs 001b9000 08:06 40899                      /opt/Mathematica/7.0/SystemFiles/Converters/Java/jmf.jar
7fbf74547000-7fbf7455a000 r-xp 00000000 08:06 695874                     /opt/Mathematica/7.0/SystemFiles/Java/Linux-x86-64/lib/amd64/libnet.so
7fbf7455a000-7fbf7465b000 ---p 00013000 08:06 695874                     /opt/Mathematica/7.0/SystemFiles/Java/Linux-x86-64/lib/amd64/libnet.so
7fbf7465b000-7fbf7465e000 rwxp 00014000 08:06 695874                     /opt/Mathematica/7.0/SystemFiles/Java/Linux-x86-64/lib/amd64/libnet.so
7fbf7468f000-7fbf74690000 ---p 00000000 00:00 0 
7fbf74690000-7fbf74e90000 rwxp 00000000 00:00 0                          [stack:6625]
7fbf74e90000-7fbf74ea5000 r-xp 00000000 08:01 301925                     /lib/x86_64-linux-gnu/libgcc_s.so.1
7fbf74ea5000-7fbf750a4000 ---p 00015000 08:01 301925                     /lib/x86_64-linux-gnu/libgcc_s.so.1
7fbf750a4000-7fbf750a5000 r-xp 00014000 08:01 301925                     /lib/x86_64-linux-gnu/libgcc_s.so.1
7fbf750a5000-7fbf750a6000 rwxp 00015000 08:01 301925                     /lib/x86_64-linux-gnu/libgcc_s.so.1
7fbf750a6000-7fbf7518c000 r-xp 00000000 08:01 475230                     /usr/lib/x86_64-linux-gnu/libstdc++.so.6.0.18
7fbf7518c000-7fbf7538b000 ---p 000e6000 08:01 475230                     /usr/lib/x86_64-linux-gnu/libstdc++.so.6.0.18
7fbf7538b000-7fbf75393000 r-xp 000e5000 08:01 475230                     /usr/lib/x86_64-linux-gnu/libstdc++.so.6.0.18
7fbf75393000-7fbf75395000 rwxp 000ed000 08:01 475230                     /usr/lib/x86_64-linux-gnu/libstdc++.so.6.0.18
7fbf75395000-7fbf753aa000 rwxp 00000000 00:00 0 
7fbf753aa000-7fbf753ab000 r-xs 00009000 08:06 40894                      /opt/Mathematica/7.0/SystemFiles/Converters/Java/gnu-regexp-1.1.4.jar
7fbf753ab000-7fbf753ac000 r-xs 002a0000 08:06 40910                      /opt/Mathematica/7.0/SystemFiles/Converters/Java/resourcesOptional.jar
7fbf753ac000-7fbf753ad000 r-xs 00001000 08:06 40897                      /opt/Mathematica/7.0/SystemFiles/Converters/Java/jdbf.jar
7fbf753ad000-7fbf753ca000 r-xs 0042e000 08:06 1210051                    /opt/Mathematica/7.0/SystemFiles/Java/icu4j-3_8_1.jar
7fbf753ca000-7fbf7550a000 r-xp 00000000 08:06 744494                     /opt/Mathematica/7.0/SystemFiles/Links/JLink/SystemFiles/Libraries/Linux-x86-64/libJLinkNativeLibrary.so
7fbf7550a000-7fbf75609000 ---p 00140000 08:06 744494                     /opt/Mathematica/7.0/SystemFiles/Links/JLink/SystemFiles/Libraries/Linux-x86-64/libJLinkNativeLibrary.so
7fbf75609000-7fbf75613000 rwxp 0013f000 08:06 744494                     /opt/Mathematica/7.0/SystemFiles/Links/JLink/SystemFiles/Libraries/Linux-x86-64/libJLinkNativeLibrary.so
7fbf75613000-7fbf75614000 ---p 00000000 00:00 0 
7fbf75614000-7fbf75714000 rwxp 00000000 00:00 0                          [stack:6624]
7fbf75714000-7fbf75717000 ---p 00000000 00:00 0 
7fbf75717000-7fbf75815000 rwxp 00000000 00:00 0                          [stack:6623]
7fbf75815000-7fbf75818000 ---p 00000000 00:00 0 
7fbf75818000-7fbf75916000 rwxp 00000000 00:00 0                          [stack:6622]
7fbf75916000-7fbf75919000 ---p 00000000 00:00 0 
7fbf75919000-7fbf75a17000 rwxp 00000000 00:00 0                          [stack:6621]
7fbf75a17000-7fbf75a1a000 ---p 00000000 00:00 0 
7fbf75a1a000-7fbf75b18000 rwxp 00000000 00:00 0                          [stack:6620]
7fbf75b18000-7fbf761fb000 r-xp 00000000 08:01 474642                     /usr/lib/locale/locale-archive
7fbf761fb000-7fbf761fe000 ---p 00000000 00:00 0 
7fbf761fe000-7fbf762fc000 rwxp 00000000 00:00 0                          [stack:6619]
7fbf762fc000-7fbf762ff000 ---p 00000000 00:00 0 
7fbf762ff000-7fbf763fd000 rwxp 00000000 00:00 0                          [stack:6618]
7fbf763fd000-7fbf763fe000 ---p 00000000 00:00 0 
7fbf763fe000-7fbf7665a000 rwxp 00000000 00:00 0                          [stack:6617]
7fbf7665a000-7fbf767ea000 r-xs 02eed000 08:06 695844                     /opt/Mathematica/7.0/SystemFiles/Java/Linux-x86-64/lib/rt.jar
7fbf767ea000-7fbf76812000 rwxp 00000000 00:00 0 
7fbf76812000-7fbf76813000 ---p 00000000 00:00 0 
7fbf76813000-7fbf76913000 rwxp 00000000 00:00 0                          [stack:6616]
7fbf76913000-7fbf76914000 ---p 00000000 00:00 0 
7fbf76914000-7fbf76a14000 rwxp 00000000 00:00 0                          [stack:6615]
7fbf76a14000-7fbf76a15000 ---p 00000000 00:00 0 
7fbf76a15000-7fbf76b15000 rwxp 00000000 00:00 0                          [stack:6614]
7fbf76b15000-7fbf76b16000 ---p 00000000 00:00 0 
7fbf76b16000-7fbf76c16000 rwxp 00000000 00:00 0                          [stack:6613]
7fbf76c16000-7fbf76c17000 ---p 00000000 00:00 0 
7fbf76c17000-7fbf76d17000 rwxp 00000000 00:00 0                          [stack:6612]
7fbf76d17000-7fbf76d18000 ---p 00000000 00:00 0 
7fbf76d18000-7fbf76e18000 rwxp 00000000 00:00 0                          [stack:6611]
7fbf76e18000-7fbf76e19000 ---p 00000000 00:00 0 
7fbf76e19000-7fbf76f19000 rwxp 00000000 00:00 0                          [stack:6610]
7fbf76f19000-7fbf76f1a000 ---p 00000000 00:00 0 
7fbf76f1a000-7fbf77029000 rwxp 00000000 00:00 0                          [stack:6609]
7fbf77029000-7fbf77070000 rwxp 00000000 00:00 0 
7fbf77070000-7fbf78530000 rwxp 00000000 00:00 0 
7fbf78530000-7fbf7c470000 rwxp 00000000 00:00 0 
7fbf7c470000-7fbf7e180000 rwxp 00000000 00:00 0 
7fbf7e180000-7fbf86f20000 rwxp 00000000 00:00 0 
7fbf86f20000-7fbf88fa0000 rwxp 00000000 00:00 0 
7fbf88fa0000-7fbf8c470000 rwxp 00000000 00:00 0 
7fbf8c470000-7fbf8c472000 r-xs 0000e000 08:06 40905                      /opt/Mathematica/7.0/SystemFiles/Converters/Java/multiplayer.jar
7fbf8c472000-7fbf8c6e2000 rwxp 00000000 00:00 0 
7fbf8c6e2000-7fbf8f472000 rwxp 00000000 00:00 0 
7fbf8f472000-7fbf8f480000 r-xp 00000000 08:06 695882                     /opt/Mathematica/7.0/SystemFiles/Java/Linux-x86-64/lib/amd64/libzip.so
7fbf8f480000-7fbf8f582000 ---p 0000e000 08:06 695882                     /opt/Mathematica/7.0/SystemFiles/Java/Linux-x86-64/lib/amd64/libzip.so
7fbf8f582000-7fbf8f585000 rwxp 00010000 08:06 695882                     /opt/Mathematica/7.0/SystemFiles/Java/Linux-x86-64/lib/amd64/libzip.so
7fbf8f585000-7fbf8f586000 rwxp 00000000 00:00 0 
7fbf8f586000-7fbf8f5af000 r-xp 00000000 08:06 695862                     /opt/Mathematica/7.0/SystemFiles/Java/Linux-x86-64/lib/amd64/libjava.so
7fbf8f5af000-7fbf8f6ae000 ---p 00029000 08:06 695862                     /opt/Mathematica/7.0/SystemFiles/Java/Linux-x86-64/lib/amd64/libjava.so
7fbf8f6ae000-7fbf8f6b5000 rwxp 00028000 08:06 695862                     /opt/Mathematica/7.0/SystemFiles/Java/Linux-x86-64/lib/amd64/libjava.so
7fbf8f6b5000-7fbf8f6c2000 r-xp 00000000 08:06 695881                     /opt/Mathematica/7.0/SystemFiles/Java/Linux-x86-64/lib/amd64/libverify.so
7fbf8f6c2000-7fbf8f7c1000 ---p 0000d000 08:06 695881                     /opt/Mathematica/7.0/SystemFiles/Java/Linux-x86-64/lib/amd64/libverify.so
7fbf8f7c1000-7fbf8f7c4000 rwxp 0000c000 08:06 695881                     /opt/Mathematica/7.0/SystemFiles/Java/Linux-x86-64/lib/amd64/libverify.so
7fbf8f7c4000-7fbf8f7d0000 r-xp 00000000 08:01 302996                     /lib/x86_64-linux-gnu/libnss_files-2.17.so
7fbf8f7d0000-7fbf8f9cf000 ---p 0000c000 08:01 302996                     /lib/x86_64-linux-gnu/libnss_files-2.17.so
7fbf8f9cf000-7fbf8f9d0000 r-xp 0000b000 08:01 302996                     /lib/x86_64-linux-gnu/libnss_files-2.17.so
7fbf8f9d0000-7fbf8f9d1000 rwxp 0000c000 08:01 302996                     /lib/x86_64-linux-gnu/libnss_files-2.17.so
7fbf8f9d1000-7fbf8f9dc000 r-xp 00000000 08:01 303000                     /lib/x86_64-linux-gnu/libnss_nis-2.17.so
7fbf8f9dc000-7fbf8fbdb000 ---p 0000b000 08:01 303000                     /lib/x86_64-linux-gnu/libnss_nis-2.17.so
7fbf8fbdb000-7fbf8fbdc000 r-xp 0000a000 08:01 303000                     /lib/x86_64-linux-gnu/libnss_nis-2.17.so
7fbf8fbdc000-7fbf8fbdd000 rwxp 0000b000 08:01 303000                     /lib/x86_64-linux-gnu/libnss_nis-2.17.so
7fbf8fbdd000-7fbf8fbe5000 r-xp 00000000 08:01 302992                     /lib/x86_64-linux-gnu/libnss_compat-2.17.so
7fbf8fbe5000-7fbf8fde4000 ---p 00008000 08:01 302992                     /lib/x86_64-linux-gnu/libnss_compat-2.17.so
7fbf8fde4000-7fbf8fde5000 r-xp 00007000 08:01 302992                     /lib/x86_64-linux-gnu/libnss_compat-2.17.so
7fbf8fde5000-7fbf8fde6000 rwxp 00008000 08:01 302992                     /lib/x86_64-linux-gnu/libnss_compat-2.17.so
7fbf8fde6000-7fbf8fdfd000 r-xp 00000000 08:01 302990                     /lib/x86_64-linux-gnu/libnsl-2.17.so
7fbf8fdfd000-7fbf8fffc000 ---p 00017000 08:01 302990                     /lib/x86_64-linux-gnu/libnsl-2.17.so
7fbf8fffc000-7fbf8fffd000 r-xp 00016000 08:01 302990                     /lib/x86_64-linux-gnu/libnsl-2.17.so
7fbf8fffd000-7fbf8fffe000 rwxp 00017000 08:01 302990                     /lib/x86_64-linux-gnu/libnsl-2.17.so
7fbf8fffe000-7fbf90000000 rwxp 00000000 00:00 0 
7fbf90000000-7fbf90469000 rwxp 00000000 00:00 0 
7fbf90469000-7fbf94000000 ---p 00000000 00:00 0 
7fbf94000000-7fbf94005000 r-xs 00040000 08:06 40889                      /opt/Mathematica/7.0/SystemFiles/Converters/Java/commons-httpclient-3.0.jar
7fbf94005000-7fbf9400f000 r-xs 00086000 08:06 40902                      /opt/Mathematica/7.0/SystemFiles/Converters/Java/ldap.jar
7fbf9400f000-7fbf94013000 r-xs 0002f000 08:06 40908                      /opt/Mathematica/7.0/SystemFiles/Converters/Java/prefsAll.jar
7fbf94013000-7fbf94014000 r-xs 0000f000 08:06 16363                      /opt/Mathematica/7.0/SystemFiles/Autoload/PacletManager/Java/mexprparser.jar
7fbf94014000-7fbf94016000 r-xs 00006000 08:06 16357                      /opt/Mathematica/7.0/SystemFiles/Autoload/PacletManager/Java/commons-cli-1.0.jar
7fbf94016000-7fbf94021000 rwxp 00000000 00:00 0 
7fbf94021000-7fbf94040000 rwxp 00000000 00:00 0 
7fbf94040000-7fbf9404b000 rwxp 00000000 00:00 0 
7fbf9404b000-7fbf9406a000 rwxp 00000000 00:00 0 
7fbf9406a000-7fbf94079000 rwxp 00000000 00:00 0 
7fbf94079000-7fbf940bf000 rwxp 00000000 00:00 0 
7fbf940bf000-7fbf940d0000 rwxp 00000000 00:00 0 
7fbf940d0000-7fbf940ea000 rwxp 00000000 00:00 0 
7fbf940ea000-7fbf940eb000 rwxp 00000000 00:00 0 
7fbf940eb000-7fbf940f2000 r-xp 00000000 08:06 695886                     /opt/Mathematica/7.0/SystemFiles/Java/Linux-x86-64/lib/amd64/native_threads/libhpi.so
7fbf940f2000-7fbf941f3000 ---p 00007000 08:06 695886                     /opt/Mathematica/7.0/SystemFiles/Java/Linux-x86-64/lib/amd64/native_threads/libhpi.so
7fbf941f3000-7fbf941f5000 rwxp 00008000 08:06 695886                     /opt/Mathematica/7.0/SystemFiles/Java/Linux-x86-64/lib/amd64/native_threads/libhpi.so
7fbf941f5000-7fbf941f6000 rwxp 00000000 00:00 0 
7fbf941f6000-7fbf941fd000 r-xp 00000000 08:01 303043                     /lib/x86_64-linux-gnu/librt-2.17.so
7fbf941fd000-7fbf943fc000 ---p 00007000 08:01 303043                     /lib/x86_64-linux-gnu/librt-2.17.so
7fbf943fc000-7fbf943fd000 r-xp 00006000 08:01 303043                     /lib/x86_64-linux-gnu/librt-2.17.so
7fbf943fd000-7fbf943fe000 rwxp 00007000 08:01 303043                     /lib/x86_64-linux-gnu/librt-2.17.so
7fbf943fe000-7fbf94401000 ---p 00000000 00:00 0 
7fbf94401000-7fbf944ff000 rwxp 00000000 00:00 0                          [stack:6608]
7fbf944ff000-7fbf94602000 r-xp 00000000 08:01 302971                     /lib/x86_64-linux-gnu/libm-2.17.so
7fbf94602000-7fbf94801000 ---p 00103000 08:01 302971                     /lib/x86_64-linux-gnu/libm-2.17.so
7fbf94801000-7fbf94802000 r-xp 00102000 08:01 302971                     /lib/x86_64-linux-gnu/libm-2.17.so
7fbf94802000-7fbf94803000 rwxp 00103000 08:01 302971                     /lib/x86_64-linux-gnu/libm-2.17.so
7fbf94803000-7fbf94e90000 r-xp 00000000 08:06 695889                     /opt/Mathematica/7.0/SystemFiles/Java/Linux-x86-64/lib/amd64/server/libjvm.so
7fbf94e90000-7fbf94f8f000 ---p 0068d000 08:06 695889                     /opt/Mathematica/7.0/SystemFiles/Java/Linux-x86-64/lib/amd64/server/libjvm.so
7fbf94f8f000-7fbf950e0000 rwxp 0068c000 08:06 695889                     /opt/Mathematica/7.0/SystemFiles/Java/Linux-x86-64/lib/amd64/server/libjvm.so
7fbf950e0000-7fbf9511d000 rwxp 00000000 00:00 0 
7fbf9511d000-7fbf952da000 r-xp 00000000 08:01 302920                     /lib/x86_64-linux-gnu/libc-2.17.so
7fbf952da000-7fbf954da000 ---p 001bd000 08:01 302920                     /lib/x86_64-linux-gnu/libc-2.17.so
7fbf954da000-7fbf954de000 r-xp 001bd000 08:01 302920                     /lib/x86_64-linux-gnu/libc-2.17.so
7fbf954de000-7fbf954e0000 rwxp 001c1000 08:01 302920                     /lib/x86_64-linux-gnu/libc-2.17.so
7fbf954e0000-7fbf954e5000 rwxp 00000000 00:00 0 
7fbf954e5000-7fbf954e8000 r-xp 00000000 08:01 302935                     /lib/x86_64-linux-gnu/libdl-2.17.so
7fbf954e8000-7fbf956e7000 ---p 00003000 08:01 302935                     /lib/x86_64-linux-gnu/libdl-2.17.so
7fbf956e7000-7fbf956e8000 r-xp 00002000 08:01 302935                     /lib/x86_64-linux-gnu/libdl-2.17.so
7fbf956e8000-7fbf956e9000 rwxp 00003000 08:01 302935                     /lib/x86_64-linux-gnu/libdl-2.17.so
7fbf956e9000-7fbf95700000 r-xp 00000000 08:01 303035                     /lib/x86_64-linux-gnu/libpthread-2.17.so
7fbf95700000-7fbf95900000 ---p 00017000 08:01 303035                     /lib/x86_64-linux-gnu/libpthread-2.17.so
7fbf95900000-7fbf95901000 r-xp 00017000 08:01 303035                     /lib/x86_64-linux-gnu/libpthread-2.17.so
7fbf95901000-7fbf95902000 rwxp 00018000 08:01 303035                     /lib/x86_64-linux-gnu/libpthread-2.17.so
7fbf95902000-7fbf95906000 rwxp 00000000 00:00 0 
7fbf95906000-7fbf95929000 r-xp 00000000 08:01 302896                     /lib/x86_64-linux-gnu/ld-2.17.so
7fbf95929000-7fbf9592f000 r-xs 0006e000 08:06 16356                      /opt/Mathematica/7.0/SystemFiles/Autoload/PacletManager/Java/antlr.jar
7fbf9592f000-7fbf95935000 r-xs 00091000 08:06 695835                     /opt/Mathematica/7.0/SystemFiles/Java/Linux-x86-64/lib/jsse.jar
7fbf95935000-7fbf95937000 r-xs 00003000 08:06 16362                      /opt/Mathematica/7.0/SystemFiles/Autoload/PacletManager/Java/mexpr.jar
7fbf95937000-7fbf95941000 rwxp 00000000 00:00 0 
7fbf95941000-7fbf959f7000 rwxp 00000000 00:00 0 
7fbf959f7000-7fbf959fb000 rwxp 00000000 00:00 0 
7fbf959fb000-7fbf95a02000 r-xp 00000000 08:06 695884                     /opt/Mathematica/7.0/SystemFiles/Java/Linux-x86-64/lib/amd64/jli/libjli.so
7fbf95a02000-7fbf95b03000 ---p 00007000 08:06 695884                     /opt/Mathematica/7.0/SystemFiles/Java/Linux-x86-64/lib/amd64/jli/libjli.so
7fbf95b03000-7fbf95b05000 rwxp 00008000 08:06 695884                     /opt/Mathematica/7.0/SystemFiles/Java/Linux-x86-64/lib/amd64/jli/libjli.so
7fbf95b05000-7fbf95b06000 rwxp 00000000 00:00 0 
7fbf95b06000-7fbf95b07000 r-xs 00007000 08:06 16360                      /opt/Mathematica/7.0/SystemFiles/Autoload/PacletManager/Java/commons-logging.jar
7fbf95b07000-7fbf95b09000 r-xs 0000a000 08:06 16358                      /opt/Mathematica/7.0/SystemFiles/Autoload/PacletManager/Java/commons-codec-1.3.jar
7fbf95b09000-7fbf95b0c000 r-xs 0001d000 08:06 16354                      /opt/Mathematica/7.0/SystemFiles/Autoload/PacletManager/Java/PacletManager.jar
7fbf95b0c000-7fbf95b11000 r-xs 00040000 08:06 16359                      /opt/Mathematica/7.0/SystemFiles/Autoload/PacletManager/Java/commons-httpclient-3.0.jar
7fbf95b11000-7fbf95b13000 r-xs 00013000 08:06 16355                      /opt/Mathematica/7.0/SystemFiles/Autoload/PacletManager/Java/WRIjdbm.jar
7fbf95b13000-7fbf95b16000 r-xs 00023000 08:06 1210049                    /opt/Mathematica/7.0/SystemFiles/Java/WolframSSH.jar
7fbf95b16000-7fbf95b19000 r-xs 00023000 08:06 1210050                    /opt/Mathematica/7.0/SystemFiles/Java/WolframSSHKeyGen.jar
7fbf95b19000-7fbf95b1c000 r-xs 00027000 08:06 457857                     /opt/Mathematica/7.0/SystemFiles/Links/JLink/JLink.jar
7fbf95b1c000-7fbf95b24000 rwxs 00000000 08:01 615371                     /tmp/hsperfdata_amaricci/6607
7fbf95b24000-7fbf95b25000 rwxp 00000000 00:00 0 
7fbf95b25000-7fbf95b26000 r-xp 00000000 00:00 0 
7fbf95b26000-7fbf95b28000 rwxp 00000000 00:00 0 
7fbf95b28000-7fbf95b29000 r-xp 00022000 08:01 302896                     /lib/x86_64-linux-gnu/ld-2.17.so
7fbf95b29000-7fbf95b2b000 rwxp 00023000 08:01 302896                     /lib/x86_64-linux-gnu/ld-2.17.so
7ffffe40d000-7ffffe42f000 rwxp 00000000 00:00 0                          [stack]
7ffffe440000-7ffffe442000 r-xp 00000000 00:00 0                          [vdso]
ffffffffff600000-ffffffffff601000 r-xp 00000000 00:00 0                  [vsyscall]

VM Arguments:
jvm_args: -Xmx256m -Djava.system.class.loader=com.wolfram.jlink.JLinkSystemClassLoader -Djava.util.prefs.PreferencesFactory=com.wolfram.jlink.DisabledPreferencesFactory 
java_command: com.wolfram.jlink.Install -init /tmp/m00000163761 -mathlink -linkmode connect -linkprotocol SharedMemory -linkname q9x_shm
Launcher Type: SUN_STANDARD

Environment Variables:
PATH=/opt/Mathematica/7.0/Executables:/opt/Mathematica/7.0/SystemFiles/Graphics/Binaries/Linux-x86-64:/usr/bin:/bin:/opt/Mathematica/7.0/Executables:/usr/bin/X11:/opt/w2dynamics/bin:/opt/scifor/intel/bin:/opt/mpich2-1.4.1/intel/bin:/opt/intel_2013.3.163/composer_xe_2013.5.192/bin/intel64:/opt/intel_2013.3.163/composer_xe_2013.5.192/mpirt/bin/intel64:/home/amaricci/.bin:/home/amaricci/.scripts:/usr/lib/lightdm/lightdm:/usr/local/sbin:/usr/local/bin:/usr/sbin:/sbin:/usr/games:/usr/local/games
LD_LIBRARY_PATH=/opt/Mathematica/7.0/SystemFiles/Java/Linux-x86-64/lib/amd64/server:/opt/Mathematica/7.0/SystemFiles/Java/Linux-x86-64/lib/amd64:/opt/Mathematica/7.0/SystemFiles/Java/Linux-x86-64/../lib/amd64:/opt/Mathematica/7.0/SystemFiles/Libraries/Linux-x86-64:/opt/scifor/intel/lib:/opt/parpack/intel/lib:/opt/quadpack/intel/lib:/opt/minpack/intel/lib:/opt/fftpack/intel/lib:/opt/lapack/intel/lib:/opt/blas/intel/lib:/opt/intel_2013.3.163/composer_xe_2013.5.192/mkl/lib/intel64:/opt/intel_2013.3.163/composer_xe_2013.5.192/compiler/lib/intel64:/opt/intel_2013.3.163/composer_xe_2013.5.192/mpirt/lib/intel64
SHELL=/bin/bash
DISPLAY=:0.0

Signal Handlers:
SIGSEGV: [libjvm.so+0x5fcb20], sa_mask[0]=0x7ffbfeff, sa_flags=0x10000004
SIGBUS: [libjvm.so+0x5fcb20], sa_mask[0]=0x7ffbfeff, sa_flags=0x00000004
SIGFPE: [libjvm.so+0x4e0d10], sa_mask[0]=0x7ffbfeff, sa_flags=0x10000004
SIGPIPE: [libJLinkNativeLibrary.so+0x814e0], sa_mask[0]=0x00000000, sa_flags=0x00000004
SIGXFSZ: [libjvm.so+0x4e0d10], sa_mask[0]=0x7ffbfeff, sa_flags=0x10000004
SIGILL: [libjvm.so+0x4e0d10], sa_mask[0]=0x7ffbfeff, sa_flags=0x10000004
SIGUSR1: SIG_DFL, sa_mask[0]=0x00000000, sa_flags=0x00000000
SIGUSR2: [libjvm.so+0x4e3430], sa_mask[0]=0x01583000, sa_flags=0x10000004
SIGHUP: [libJLinkNativeLibrary.so+0x814e0], sa_mask[0]=0x00000000, sa_flags=0x00000004
SIGINT: [libJLinkNativeLibrary.so+0x814e0], sa_mask[0]=0x00000000, sa_flags=0x00000004
SIGTERM: [libJLinkNativeLibrary.so+0x814e0], sa_mask[0]=0x00000000, sa_flags=0x00000004
SIGQUIT: [libjvm.so+0x4e3180], sa_mask[0]=0x7ffbfeff, sa_flags=0x10000004


---------------  S Y S T E M  ---------------

OS:wheezy/sid

uname:Linux 3.11.0-26-generic #45-Ubuntu SMP Tue Jul 15 04:02:06 UTC 2014 x86_64
libc:glibc 2.17 NPTL 2.17 
rlimit: STACK 8192k, CORE 0k, NPROC 63585, NOFILE 4096, AS infinity
load average:0.71 0.57 0.64

CPU:total 8 (8 cores per cpu, 2 threads per core) family 6 model 10 stepping 7, cmov, cx8, fxsr, mmx, sse, sse2, sse3, ssse3, ht

Memory: 4k page, physical 8159168k(3746780k free), swap 3998716k(3998716k free)

vm_info: Java HotSpot(TM) 64-Bit Server VM (11.0-b15) for linux-amd64 JRE (1.6.0_10-b33), built on Sep 26 2008 01:10:29 by "java_re" with gcc 3.2.2 (SuSE Linux)

time: Mon Sep  8 10:52:34 2014
elapsed time: 27 seconds

